
> test-runner@1.22.22 test:e2e:local
> npx playwright test


Running 1 test using 1 worker

  ✘  1 [Desktop Chrome] › login.test.ts:13:10 › LogIn ProductStore page visual testing › LogIn (30.4s)


  1) [Desktop Chrome] › login.test.ts:13:10 › LogIn ProductStore page visual testing › LogIn ───────

    [31mTest timeout of 30000ms exceeded.[39m

    Error: locator.click: Test timeout of 30000ms exceeded.
    Call log:
      [2m- waiting for locator('btn btn-primary')[22m


       at ../pages/ProductStorePage.ts:40

      38 |     await userInput.fill(user);
      39 |     await passwordInput.fill(password);
    > 40 |     await this.page.locator(this.locators.loginButton).click();
         |                                                        ^
      41 |     await this.page.pause();
      42 |   }
      43 |

        at ProductoStorePage.login (/run/e2e/pages/ProductStorePage.ts:40:56)
        at /run/e2e/tests/login.test.ts:17:7

    attachment #1: screenshot (image/png) ──────────────────────────────────────────────────────────
    test-results/login-LogIn-ProductStore-page-visual-testing-LogIn-Desktop-Chrome/test-failed-1.png
    ────────────────────────────────────────────────────────────────────────────────────────────────

    attachment #2: video (video/webm) ──────────────────────────────────────────────────────────────
    test-results/login-LogIn-ProductStore-page-visual-testing-LogIn-Desktop-Chrome/video.webm
    ────────────────────────────────────────────────────────────────────────────────────────────────

    attachment #3: trace (application/zip) ─────────────────────────────────────────────────────────
    test-results/login-LogIn-ProductStore-page-visual-testing-LogIn-Desktop-Chrome/trace.zip
    Usage:

        npx playwright show-trace test-results/login-LogIn-ProductStore-page-visual-testing-LogIn-Desktop-Chrome/trace.zip

    ────────────────────────────────────────────────────────────────────────────────────────────────

  Slow test file: [Desktop Chrome] › login.test.ts (30.4s)
  Consider splitting slow test files to speed up parallel execution
  1 failed
    [Desktop Chrome] › login.test.ts:13:10 › LogIn ProductStore page visual testing › LogIn ────────

To open last HTML report run:

  npx playwright show-report

